<beans xmlns="http://www.springframework.org/schema/beans"
       xmlns:xsi="http://www.w3.org/2001/XMLSchema-instance"
       xsi:schemaLocation="http://www.springframework.org/schema/beans
	http://www.springframework.org/schema/beans/spring-beans-4.1.xsd">

    <bean class="org.springframework.beans.factory.config.PropertyPlaceholderConfigurer">
        <property name="location">
            <value>test-database.properties</value>
        </property>
    </bean>

    <import resource="test-datasource.xml"/>
    <import resource="test-hibernate.xml"/>
    <import resource="test-transaction.xml"/>
    <import resource="test-daos.xml"/>

</beans>